{"C:\\Users\\santh\\Desktop\\AlumniConnect\\alumniconnect\\backend\\config\\cloudinary.js": {"path":"C:\\Users\\santh\\Desktop\\AlumniConnect\\alumniconnect\\backend\\config\\cloudinary.js","statementMap":{"0":{"start":{"line":1,"column":19},"end":{"line":1,"column":43}},"1":{"start":{"line":3,"column":0},"end":{"line":7,"column":3}},"2":{"start":{"line":9,"column":0},"end":{"line":9,"column":28}}},"fnMap":{},"branchMap":{},"s":{"0":1,"1":1,"2":1},"f":{},"b":{},"_coverageSchema":"1a1c01bbd47fc00a2c39e90264f33305004495a9","hash":"3fd4feb54cdda4c8c87337484ac42927c3750915"}
,"C:\\Users\\santh\\Desktop\\AlumniConnect\\alumniconnect\\backend\\config\\mailer.js": {"path":"C:\\Users\\santh\\Desktop\\AlumniConnect\\alumniconnect\\backend\\config\\mailer.js","statementMap":{"0":{"start":{"line":1,"column":19},"end":{"line":1,"column":40}},"1":{"start":{"line":3,"column":20},"end":{"line":9,"column":2}},"2":{"start":{"line":16,"column":21},"end":{"line":32,"column":1}},"3":{"start":{"line":17,"column":2},"end":{"line":31,"column":5}},"4":{"start":{"line":34,"column":25},"end":{"line":64,"column":1}},"5":{"start":{"line":35,"column":24},"end":{"line":42,"column":3}},"6":{"start":{"line":44,"column":2},"end":{"line":63,"column":5}},"7":{"start":{"line":66,"column":0},"end":{"line":66,"column":65}}},"fnMap":{"0":{"name":"(anonymous_0)","decl":{"start":{"line":16,"column":21},"end":{"line":16,"column":22}},"loc":{"start":{"line":16,"column":40},"end":{"line":32,"column":1}},"line":16},"1":{"name":"(anonymous_1)","decl":{"start":{"line":34,"column":25},"end":{"line":34,"column":26}},"loc":{"start":{"line":34,"column":70},"end":{"line":64,"column":1}},"line":34}},"branchMap":{"0":{"loc":{"start":{"line":48,"column":31},"end":{"line":48,"column":64}},"type":"binary-expr","locations":[{"start":{"line":48,"column":31},"end":{"line":48,"column":53}},{"start":{"line":48,"column":57},"end":{"line":48,"column":64}}],"line":48},"1":{"loc":{"start":{"line":56,"column":110},"end":{"line":56,"column":143}},"type":"binary-expr","locations":[{"start":{"line":56,"column":110},"end":{"line":56,"column":132}},{"start":{"line":56,"column":136},"end":{"line":56,"column":143}}],"line":56}},"s":{"0":1,"1":1,"2":1,"3":0,"4":1,"5":0,"6":0,"7":1},"f":{"0":0,"1":0},"b":{"0":[0,0],"1":[0,0]},"_coverageSchema":"1a1c01bbd47fc00a2c39e90264f33305004495a9","hash":"4b5e50eba788778225b3be648503e8ed541844c8"}
,"C:\\Users\\santh\\Desktop\\AlumniConnect\\alumniconnect\\backend\\controllers\\auth.controller.js": {"path":"C:\\Users\\santh\\Desktop\\AlumniConnect\\alumniconnect\\backend\\controllers\\auth.controller.js","statementMap":{"0":{"start":{"line":1,"column":15},"end":{"line":1,"column":34}},"1":{"start":{"line":2,"column":12},"end":{"line":2,"column":35}},"2":{"start":{"line":3,"column":15},"end":{"line":3,"column":32}},"3":{"start":{"line":5,"column":13},"end":{"line":5,"column":38}},"4":{"start":{"line":6,"column":23},"end":{"line":6,"column":51}},"5":{"start":{"line":7,"column":22},"end":{"line":7,"column":49}},"6":{"start":{"line":8,"column":19},"end":{"line":8,"column":50}},"7":{"start":{"line":9,"column":25},"end":{"line":9,"column":52}},"8":{"start":{"line":13,"column":20},"end":{"line":13,"column":69}},"9":{"start":{"line":13,"column":26},"end":{"line":13,"column":69}},"10":{"start":{"line":17,"column":0},"end":{"line":66,"column":2}},"11":{"start":{"line":18,"column":2},"end":{"line":65,"column":3}},"12":{"start":{"line":19,"column":22},"end":{"line":19,"column":30}},"13":{"start":{"line":21,"column":4},"end":{"line":25,"column":5}},"14":{"start":{"line":22,"column":6},"end":{"line":24,"column":64}},"15":{"start":{"line":28,"column":18},"end":{"line":28,"column":34}},"16":{"start":{"line":29,"column":4},"end":{"line":34,"column":5}},"17":{"start":{"line":30,"column":6},"end":{"line":33,"column":9}},"18":{"start":{"line":37,"column":21},"end":{"line":37,"column":50}},"19":{"start":{"line":38,"column":4},"end":{"line":43,"column":5}},"20":{"start":{"line":39,"column":6},"end":{"line":42,"column":9}},"21":{"start":{"line":45,"column":16},"end":{"line":45,"column":29}},"22":{"start":{"line":46,"column":25},"end":{"line":46,"column":62}},"23":{"start":{"line":49,"column":4},"end":{"line":53,"column":6}},"24":{"start":{"line":55,"column":4},"end":{"line":55,"column":35}},"25":{"start":{"line":57,"column":4},"end":{"line":59,"column":66}},"26":{"start":{"line":61,"column":4},"end":{"line":61,"column":41}},"27":{"start":{"line":62,"column":4},"end":{"line":64,"column":75}},"28":{"start":{"line":70,"column":0},"end":{"line":116,"column":2}},"29":{"start":{"line":71,"column":2},"end":{"line":115,"column":3}},"30":{"start":{"line":72,"column":27},"end":{"line":72,"column":35}},"31":{"start":{"line":74,"column":4},"end":{"line":78,"column":5}},"32":{"start":{"line":75,"column":6},"end":{"line":77,"column":73}},"33":{"start":{"line":80,"column":17},"end":{"line":80,"column":46}},"34":{"start":{"line":82,"column":4},"end":{"line":87,"column":5}},"35":{"start":{"line":83,"column":6},"end":{"line":86,"column":9}},"36":{"start":{"line":89,"column":4},"end":{"line":94,"column":5}},"37":{"start":{"line":90,"column":6},"end":{"line":93,"column":9}},"38":{"start":{"line":96,"column":4},"end":{"line":100,"column":5}},"39":{"start":{"line":97,"column":6},"end":{"line":99,"column":77}},"40":{"start":{"line":103,"column":4},"end":{"line":103,"column":25}},"41":{"start":{"line":104,"column":4},"end":{"line":104,"column":34}},"42":{"start":{"line":105,"column":4},"end":{"line":105,"column":51}},"43":{"start":{"line":107,"column":4},"end":{"line":109,"column":69}},"44":{"start":{"line":111,"column":4},"end":{"line":111,"column":43}},"45":{"start":{"line":112,"column":4},"end":{"line":114,"column":80}},"46":{"start":{"line":120,"column":0},"end":{"line":243,"column":2}},"47":{"start":{"line":121,"column":2},"end":{"line":242,"column":3}},"48":{"start":{"line":137,"column":8},"end":{"line":137,"column":16}},"49":{"start":{"line":139,"column":4},"end":{"line":144,"column":5}},"50":{"start":{"line":140,"column":6},"end":{"line":143,"column":9}},"51":{"start":{"line":146,"column":4},"end":{"line":150,"column":5}},"52":{"start":{"line":147,"column":6},"end":{"line":149,"column":68}},"53":{"start":{"line":152,"column":4},"end":{"line":156,"column":5}},"54":{"start":{"line":153,"column":6},"end":{"line":155,"column":72}},"55":{"start":{"line":159,"column":25},"end":{"line":159,"column":54}},"56":{"start":{"line":160,"column":4},"end":{"line":165,"column":5}},"57":{"start":{"line":161,"column":6},"end":{"line":164,"column":9}},"58":{"start":{"line":166,"column":4},"end":{"line":171,"column":5}},"59":{"start":{"line":167,"column":6},"end":{"line":170,"column":9}},"60":{"start":{"line":173,"column":27},"end":{"line":173,"column":58}},"61":{"start":{"line":174,"column":25},"end":{"line":174,"column":76}},"62":{"start":{"line":177,"column":4},"end":{"line":177,"column":29}},"63":{"start":{"line":178,"column":4},"end":{"line":178,"column":43}},"64":{"start":{"line":179,"column":4},"end":{"line":179,"column":29}},"65":{"start":{"line":180,"column":4},"end":{"line":180,"column":35}},"66":{"start":{"line":181,"column":4},"end":{"line":181,"column":35}},"67":{"start":{"line":182,"column":4},"end":{"line":182,"column":30}},"68":{"start":{"line":184,"column":4},"end":{"line":193,"column":5}},"69":{"start":{"line":185,"column":30},"end":{"line":185,"column":68}},"70":{"start":{"line":186,"column":6},"end":{"line":192,"column":16}},"71":{"start":{"line":195,"column":4},"end":{"line":209,"column":5}},"72":{"start":{"line":196,"column":27},"end":{"line":196,"column":59}},"73":{"start":{"line":197,"column":6},"end":{"line":208,"column":16}},"74":{"start":{"line":211,"column":18},"end":{"line":215,"column":5}},"75":{"start":{"line":217,"column":4},"end":{"line":226,"column":7}},"76":{"start":{"line":228,"column":4},"end":{"line":228,"column":42}},"77":{"start":{"line":230,"column":4},"end":{"line":233,"column":5}},"78":{"start":{"line":231,"column":25},"end":{"line":231,"column":61}},"79":{"start":{"line":232,"column":6},"end":{"line":232,"column":75}},"80":{"start":{"line":235,"column":4},"end":{"line":237,"column":5}},"81":{"start":{"line":236,"column":6},"end":{"line":236,"column":59}},"82":{"start":{"line":239,"column":4},"end":{"line":241,"column":77}},"83":{"start":{"line":247,"column":0},"end":{"line":302,"column":2}},"84":{"start":{"line":248,"column":2},"end":{"line":301,"column":3}},"85":{"start":{"line":249,"column":38},"end":{"line":249,"column":52}},"86":{"start":{"line":251,"column":4},"end":{"line":255,"column":5}},"87":{"start":{"line":252,"column":6},"end":{"line":254,"column":78}},"88":{"start":{"line":257,"column":17},"end":{"line":257,"column":46}},"89":{"start":{"line":262,"column":4},"end":{"line":266,"column":5}},"90":{"start":{"line":263,"column":6},"end":{"line":265,"column":61}},"91":{"start":{"line":272,"column":20},"end":{"line":272,"column":65}},"92":{"start":{"line":273,"column":4},"end":{"line":277,"column":5}},"93":{"start":{"line":274,"column":6},"end":{"line":276,"column":72}},"94":{"start":{"line":279,"column":4},"end":{"line":281,"column":5}},"95":{"start":{"line":280,"column":6},"end":{"line":280,"column":79}},"96":{"start":{"line":283,"column":18},"end":{"line":287,"column":5}},"97":{"start":{"line":289,"column":4},"end":{"line":294,"column":7}},"98":{"start":{"line":296,"column":4},"end":{"line":296,"column":39}},"99":{"start":{"line":297,"column":4},"end":{"line":300,"column":7}}},"fnMap":{"0":{"name":"(anonymous_0)","decl":{"start":{"line":13,"column":20},"end":{"line":13,"column":21}},"loc":{"start":{"line":13,"column":26},"end":{"line":13,"column":69}},"line":13},"1":{"name":"(anonymous_1)","decl":{"start":{"line":17,"column":25},"end":{"line":17,"column":26}},"loc":{"start":{"line":17,"column":45},"end":{"line":66,"column":1}},"line":17},"2":{"name":"(anonymous_2)","decl":{"start":{"line":70,"column":27},"end":{"line":70,"column":28}},"loc":{"start":{"line":70,"column":47},"end":{"line":116,"column":1}},"line":70},"3":{"name":"(anonymous_3)","decl":{"start":{"line":120,"column":26},"end":{"line":120,"column":27}},"loc":{"start":{"line":120,"column":46},"end":{"line":243,"column":1}},"line":120},"4":{"name":"(anonymous_4)","decl":{"start":{"line":247,"column":16},"end":{"line":247,"column":17}},"loc":{"start":{"line":247,"column":36},"end":{"line":302,"column":1}},"line":247}},"branchMap":{"0":{"loc":{"start":{"line":21,"column":4},"end":{"line":25,"column":5}},"type":"if","locations":[{"start":{"line":21,"column":4},"end":{"line":25,"column":5}},{"start":{},"end":{}}],"line":21},"1":{"loc":{"start":{"line":29,"column":4},"end":{"line":34,"column":5}},"type":"if","locations":[{"start":{"line":29,"column":4},"end":{"line":34,"column":5}},{"start":{},"end":{}}],"line":29},"2":{"loc":{"start":{"line":29,"column":8},"end":{"line":29,"column":70}},"type":"binary-expr","locations":[{"start":{"line":29,"column":8},"end":{"line":29,"column":26}},{"start":{"line":29,"column":30},"end":{"line":29,"column":70}}],"line":29},"3":{"loc":{"start":{"line":38,"column":4},"end":{"line":43,"column":5}},"type":"if","locations":[{"start":{"line":38,"column":4},"end":{"line":43,"column":5}},{"start":{},"end":{}}],"line":38},"4":{"loc":{"start":{"line":38,"column":8},"end":{"line":38,"column":39}},"type":"binary-expr","locations":[{"start":{"line":38,"column":8},"end":{"line":38,"column":16}},{"start":{"line":38,"column":20},"end":{"line":38,"column":39}}],"line":38},"5":{"loc":{"start":{"line":74,"column":4},"end":{"line":78,"column":5}},"type":"if","locations":[{"start":{"line":74,"column":4},"end":{"line":78,"column":5}},{"start":{},"end":{}}],"line":74},"6":{"loc":{"start":{"line":74,"column":8},"end":{"line":74,"column":22}},"type":"binary-expr","locations":[{"start":{"line":74,"column":8},"end":{"line":74,"column":14}},{"start":{"line":74,"column":18},"end":{"line":74,"column":22}}],"line":74},"7":{"loc":{"start":{"line":82,"column":4},"end":{"line":87,"column":5}},"type":"if","locations":[{"start":{"line":82,"column":4},"end":{"line":87,"column":5}},{"start":{},"end":{}}],"line":82},"8":{"loc":{"start":{"line":82,"column":8},"end":{"line":82,"column":26}},"type":"binary-expr","locations":[{"start":{"line":82,"column":8},"end":{"line":82,"column":13}},{"start":{"line":82,"column":17},"end":{"line":82,"column":26}}],"line":82},"9":{"loc":{"start":{"line":89,"column":4},"end":{"line":94,"column":5}},"type":"if","locations":[{"start":{"line":89,"column":4},"end":{"line":94,"column":5}},{"start":{},"end":{}}],"line":89},"10":{"loc":{"start":{"line":96,"column":4},"end":{"line":100,"column":5}},"type":"if","locations":[{"start":{"line":96,"column":4},"end":{"line":100,"column":5}},{"start":{},"end":{}}],"line":96},"11":{"loc":{"start":{"line":139,"column":4},"end":{"line":144,"column":5}},"type":"if","locations":[{"start":{"line":139,"column":4},"end":{"line":144,"column":5}},{"start":{},"end":{}}],"line":139},"12":{"loc":{"start":{"line":139,"column":8},"end":{"line":139,"column":57}},"type":"binary-expr","locations":[{"start":{"line":139,"column":8},"end":{"line":139,"column":13}},{"start":{"line":139,"column":17},"end":{"line":139,"column":23}},{"start":{"line":139,"column":27},"end":{"line":139,"column":36}},{"start":{"line":139,"column":40},"end":{"line":139,"column":45}},{"start":{"line":139,"column":49},"end":{"line":139,"column":57}}],"line":139},"13":{"loc":{"start":{"line":146,"column":4},"end":{"line":150,"column":5}},"type":"if","locations":[{"start":{"line":146,"column":4},"end":{"line":150,"column":5}},{"start":{},"end":{}}],"line":146},"14":{"loc":{"start":{"line":152,"column":4},"end":{"line":156,"column":5}},"type":"if","locations":[{"start":{"line":152,"column":4},"end":{"line":156,"column":5}},{"start":{},"end":{}}],"line":152},"15":{"loc":{"start":{"line":160,"column":4},"end":{"line":165,"column":5}},"type":"if","locations":[{"start":{"line":160,"column":4},"end":{"line":165,"column":5}},{"start":{},"end":{}}],"line":160},"16":{"loc":{"start":{"line":160,"column":8},"end":{"line":160,"column":47}},"type":"binary-expr","locations":[{"start":{"line":160,"column":8},"end":{"line":160,"column":20}},{"start":{"line":160,"column":24},"end":{"line":160,"column":47}}],"line":160},"17":{"loc":{"start":{"line":166,"column":4},"end":{"line":171,"column":5}},"type":"if","locations":[{"start":{"line":166,"column":4},"end":{"line":171,"column":5}},{"start":{},"end":{}}],"line":166},"18":{"loc":{"start":{"line":166,"column":8},"end":{"line":166,"column":41}},"type":"binary-expr","locations":[{"start":{"line":166,"column":8},"end":{"line":166,"column":21}},{"start":{"line":166,"column":25},"end":{"line":166,"column":41}}],"line":166},"19":{"loc":{"start":{"line":184,"column":4},"end":{"line":193,"column":5}},"type":"if","locations":[{"start":{"line":184,"column":4},"end":{"line":193,"column":5}},{"start":{},"end":{}}],"line":184},"20":{"loc":{"start":{"line":185,"column":30},"end":{"line":185,"column":68}},"type":"cond-expr","locations":[{"start":{"line":185,"column":42},"end":{"line":185,"column":63}},{"start":{"line":185,"column":66},"end":{"line":185,"column":68}}],"line":185},"21":{"loc":{"start":{"line":195,"column":4},"end":{"line":209,"column":5}},"type":"if","locations":[{"start":{"line":195,"column":4},"end":{"line":209,"column":5}},{"start":{},"end":{}}],"line":195},"22":{"loc":{"start":{"line":196,"column":27},"end":{"line":196,"column":59}},"type":"cond-expr","locations":[{"start":{"line":196,"column":36},"end":{"line":196,"column":54}},{"start":{"line":196,"column":57},"end":{"line":196,"column":59}}],"line":196},"23":{"loc":{"start":{"line":230,"column":4},"end":{"line":233,"column":5}},"type":"if","locations":[{"start":{"line":230,"column":4},"end":{"line":233,"column":5}},{"start":{},"end":{}}],"line":230},"24":{"loc":{"start":{"line":235,"column":4},"end":{"line":237,"column":5}},"type":"if","locations":[{"start":{"line":235,"column":4},"end":{"line":237,"column":5}},{"start":{},"end":{}}],"line":235},"25":{"loc":{"start":{"line":249,"column":38},"end":{"line":249,"column":52}},"type":"binary-expr","locations":[{"start":{"line":249,"column":38},"end":{"line":249,"column":46}},{"start":{"line":249,"column":50},"end":{"line":249,"column":52}}],"line":249},"26":{"loc":{"start":{"line":251,"column":4},"end":{"line":255,"column":5}},"type":"if","locations":[{"start":{"line":251,"column":4},"end":{"line":255,"column":5}},{"start":{},"end":{}}],"line":251},"27":{"loc":{"start":{"line":251,"column":8},"end":{"line":251,"column":27}},"type":"binary-expr","locations":[{"start":{"line":251,"column":8},"end":{"line":251,"column":14}},{"start":{"line":251,"column":18},"end":{"line":251,"column":27}}],"line":251},"28":{"loc":{"start":{"line":262,"column":4},"end":{"line":266,"column":5}},"type":"if","locations":[{"start":{"line":262,"column":4},"end":{"line":266,"column":5}},{"start":{},"end":{}}],"line":262},"29":{"loc":{"start":{"line":273,"column":4},"end":{"line":277,"column":5}},"type":"if","locations":[{"start":{"line":273,"column":4},"end":{"line":277,"column":5}},{"start":{},"end":{}}],"line":273},"30":{"loc":{"start":{"line":279,"column":4},"end":{"line":281,"column":5}},"type":"if","locations":[{"start":{"line":279,"column":4},"end":{"line":281,"column":5}},{"start":{},"end":{}}],"line":279},"31":{"loc":{"start":{"line":279,"column":8},"end":{"line":279,"column":34}},"type":"binary-expr","locations":[{"start":{"line":279,"column":8},"end":{"line":279,"column":12}},{"start":{"line":279,"column":16},"end":{"line":279,"column":34}}],"line":279}},"s":{"0":1,"1":1,"2":1,"3":1,"4":1,"5":1,"6":1,"7":1,"8":1,"9":0,"10":1,"11":0,"12":0,"13":0,"14":0,"15":0,"16":0,"17":0,"18":0,"19":0,"20":0,"21":0,"22":0,"23":0,"24":0,"25":0,"26":0,"27":0,"28":1,"29":0,"30":0,"31":0,"32":0,"33":0,"34":0,"35":0,"36":0,"37":0,"38":0,"39":0,"40":0,"41":0,"42":0,"43":0,"44":0,"45":0,"46":1,"47":4,"48":4,"49":4,"50":1,"51":3,"52":1,"53":2,"54":1,"55":1,"56":1,"57":1,"58":0,"59":0,"60":0,"61":0,"62":0,"63":0,"64":0,"65":0,"66":0,"67":0,"68":0,"69":0,"70":0,"71":0,"72":0,"73":0,"74":0,"75":0,"76":0,"77":0,"78":0,"79":0,"80":0,"81":0,"82":0,"83":1,"84":4,"85":4,"86":4,"87":1,"88":3,"89":3,"90":1,"91":2,"92":2,"93":1,"94":1,"95":1,"96":0,"97":0,"98":0,"99":0},"f":{"0":0,"1":0,"2":0,"3":4,"4":4},"b":{"0":[0,0],"1":[0,0],"2":[0,0],"3":[0,0],"4":[0,0],"5":[0,0],"6":[0,0],"7":[0,0],"8":[0,0],"9":[0,0],"10":[0,0],"11":[1,3],"12":[4,3,3,3,3],"13":[1,2],"14":[1,1],"15":[1,0],"16":[1,1],"17":[0,0],"18":[0,0],"19":[0,0],"20":[0,0],"21":[0,0],"22":[0,0],"23":[0,0],"24":[0,0],"25":[4,0],"26":[1,3],"27":[4,3],"28":[1,2],"29":[1,1],"30":[1,0],"31":[1,1]},"_coverageSchema":"1a1c01bbd47fc00a2c39e90264f33305004495a9","hash":"98585adb5ba394152685a4c7c232997e54e5a4de"}
,"C:\\Users\\santh\\Desktop\\AlumniConnect\\alumniconnect\\backend\\models\\Alumni.js": {"path":"C:\\Users\\santh\\Desktop\\AlumniConnect\\alumniconnect\\backend\\models\\Alumni.js","statementMap":{"0":{"start":{"line":1,"column":17},"end":{"line":1,"column":36}},"1":{"start":{"line":3,"column":28},"end":{"line":57,"column":1}},"2":{"start":{"line":59,"column":0},"end":{"line":59,"column":70}}},"fnMap":{},"branchMap":{},"s":{"0":1,"1":1,"2":1},"f":{},"b":{},"_coverageSchema":"1a1c01bbd47fc00a2c39e90264f33305004495a9","hash":"8a51949b6d9e8e39fc4201cfd70c823e4480f290"}
,"C:\\Users\\santh\\Desktop\\AlumniConnect\\alumniconnect\\backend\\models\\Student.js": {"path":"C:\\Users\\santh\\Desktop\\AlumniConnect\\alumniconnect\\backend\\models\\Student.js","statementMap":{"0":{"start":{"line":1,"column":17},"end":{"line":1,"column":36}},"1":{"start":{"line":3,"column":29},"end":{"line":30,"column":1}},"2":{"start":{"line":32,"column":0},"end":{"line":32,"column":72}}},"fnMap":{},"branchMap":{},"s":{"0":1,"1":1,"2":1},"f":{},"b":{},"_coverageSchema":"1a1c01bbd47fc00a2c39e90264f33305004495a9","hash":"b8561fd65e2fb58fc8b670e706c9996b61f3d295"}
,"C:\\Users\\santh\\Desktop\\AlumniConnect\\alumniconnect\\backend\\models\\User.js": {"path":"C:\\Users\\santh\\Desktop\\AlumniConnect\\alumniconnect\\backend\\models\\User.js","statementMap":{"0":{"start":{"line":1,"column":17},"end":{"line":1,"column":36}},"1":{"start":{"line":3,"column":19},"end":{"line":59,"column":1}},"2":{"start":{"line":18,"column":10},"end":{"line":18,"column":31}},"3":{"start":{"line":18,"column":18},"end":{"line":18,"column":31}},"4":{"start":{"line":19,"column":24},"end":{"line":19,"column":36}},"5":{"start":{"line":20,"column":10},"end":{"line":20,"column":47}},"6":{"start":{"line":20,"column":34},"end":{"line":20,"column":47}},"7":{"start":{"line":21,"column":25},"end":{"line":21,"column":63}},"8":{"start":{"line":22,"column":10},"end":{"line":22,"column":41}},"9":{"start":{"line":25,"column":10},"end":{"line":25,"column":84}},"10":{"start":{"line":63,"column":0},"end":{"line":63,"column":52}}},"fnMap":{"0":{"name":"(anonymous_0)","decl":{"start":{"line":17,"column":19},"end":{"line":17,"column":20}},"loc":{"start":{"line":17,"column":32},"end":{"line":23,"column":9}},"line":17},"1":{"name":"(anonymous_1)","decl":{"start":{"line":24,"column":17},"end":{"line":24,"column":18}},"loc":{"start":{"line":25,"column":10},"end":{"line":25,"column":84}},"line":25}},"branchMap":{"0":{"loc":{"start":{"line":18,"column":10},"end":{"line":18,"column":31}},"type":"if","locations":[{"start":{"line":18,"column":10},"end":{"line":18,"column":31}},{"start":{},"end":{}}],"line":18},"1":{"loc":{"start":{"line":20,"column":10},"end":{"line":20,"column":47}},"type":"if","locations":[{"start":{"line":20,"column":10},"end":{"line":20,"column":47}},{"start":{},"end":{}}],"line":20},"2":{"loc":{"start":{"line":21,"column":25},"end":{"line":21,"column":63}},"type":"cond-expr","locations":[{"start":{"line":21,"column":36},"end":{"line":21,"column":58}},{"start":{"line":21,"column":61},"end":{"line":21,"column":63}}],"line":21}},"s":{"0":1,"1":1,"2":0,"3":0,"4":0,"5":0,"6":0,"7":0,"8":0,"9":0,"10":1},"f":{"0":0,"1":0},"b":{"0":[0,0],"1":[0,0],"2":[0,0]},"_coverageSchema":"1a1c01bbd47fc00a2c39e90264f33305004495a9","hash":"71af4acd303af1ef59fb4cc09551a426ca447692"}
}
