TN:
SF:config\cloudinary.js
FNF:0
FNH:0
DA:1,1
DA:3,1
DA:9,1
LF:3
LH:3
BRF:0
BRH:0
end_of_record
TN:
SF:config\mailer.js
FN:16,(anonymous_0)
FN:34,(anonymous_1)
FNF:2
FNH:0
FNDA:0,(anonymous_0)
FNDA:0,(anonymous_1)
DA:1,1
DA:3,1
DA:16,1
DA:17,0
DA:34,1
DA:35,0
DA:44,0
DA:66,1
LF:8
LH:5
BRDA:48,0,0,0
BRDA:48,0,1,0
BRDA:56,1,0,0
BRDA:56,1,1,0
BRF:4
BRH:0
end_of_record
TN:
SF:controllers\auth.controller.js
FN:13,(anonymous_0)
FN:17,(anonymous_1)
FN:70,(anonymous_2)
FN:120,(anonymous_3)
FN:247,(anonymous_4)
FNF:5
FNH:2
FNDA:0,(anonymous_0)
FNDA:0,(anonymous_1)
FNDA:0,(anonymous_2)
FNDA:4,(anonymous_3)
FNDA:4,(anonymous_4)
DA:1,1
DA:2,1
DA:3,1
DA:5,1
DA:6,1
DA:7,1
DA:8,1
DA:9,1
DA:13,1
DA:17,1
DA:18,0
DA:19,0
DA:21,0
DA:22,0
DA:28,0
DA:29,0
DA:30,0
DA:37,0
DA:38,0
DA:39,0
DA:45,0
DA:46,0
DA:49,0
DA:55,0
DA:57,0
DA:61,0
DA:62,0
DA:70,1
DA:71,0
DA:72,0
DA:74,0
DA:75,0
DA:80,0
DA:82,0
DA:83,0
DA:89,0
DA:90,0
DA:96,0
DA:97,0
DA:103,0
DA:104,0
DA:105,0
DA:107,0
DA:111,0
DA:112,0
DA:120,1
DA:121,4
DA:137,4
DA:139,4
DA:140,1
DA:146,3
DA:147,1
DA:152,2
DA:153,1
DA:159,1
DA:160,1
DA:161,1
DA:166,0
DA:167,0
DA:173,0
DA:174,0
DA:177,0
DA:178,0
DA:179,0
DA:180,0
DA:181,0
DA:182,0
DA:184,0
DA:185,0
DA:186,0
DA:195,0
DA:196,0
DA:197,0
DA:211,0
DA:217,0
DA:228,0
DA:230,0
DA:231,0
DA:232,0
DA:235,0
DA:236,0
DA:239,0
DA:247,1
DA:248,4
DA:249,4
DA:251,4
DA:252,1
DA:257,3
DA:262,3
DA:263,1
DA:272,2
DA:273,2
DA:274,1
DA:279,1
DA:280,1
DA:283,0
DA:289,0
DA:296,0
DA:297,0
LF:99
LH:36
BRDA:21,0,0,0
BRDA:21,0,1,0
BRDA:29,1,0,0
BRDA:29,1,1,0
BRDA:29,2,0,0
BRDA:29,2,1,0
BRDA:38,3,0,0
BRDA:38,3,1,0
BRDA:38,4,0,0
BRDA:38,4,1,0
BRDA:74,5,0,0
BRDA:74,5,1,0
BRDA:74,6,0,0
BRDA:74,6,1,0
BRDA:82,7,0,0
BRDA:82,7,1,0
BRDA:82,8,0,0
BRDA:82,8,1,0
BRDA:89,9,0,0
BRDA:89,9,1,0
BRDA:96,10,0,0
BRDA:96,10,1,0
BRDA:139,11,0,1
BRDA:139,11,1,3
BRDA:139,12,0,4
BRDA:139,12,1,3
BRDA:139,12,2,3
BRDA:139,12,3,3
BRDA:139,12,4,3
BRDA:146,13,0,1
BRDA:146,13,1,2
BRDA:152,14,0,1
BRDA:152,14,1,1
BRDA:160,15,0,1
BRDA:160,15,1,0
BRDA:160,16,0,1
BRDA:160,16,1,1
BRDA:166,17,0,0
BRDA:166,17,1,0
BRDA:166,18,0,0
BRDA:166,18,1,0
BRDA:184,19,0,0
BRDA:184,19,1,0
BRDA:185,20,0,0
BRDA:185,20,1,0
BRDA:195,21,0,0
BRDA:195,21,1,0
BRDA:196,22,0,0
BRDA:196,22,1,0
BRDA:230,23,0,0
BRDA:230,23,1,0
BRDA:235,24,0,0
BRDA:235,24,1,0
BRDA:249,25,0,4
BRDA:249,25,1,0
BRDA:251,26,0,1
BRDA:251,26,1,3
BRDA:251,27,0,4
BRDA:251,27,1,3
BRDA:262,28,0,1
BRDA:262,28,1,2
BRDA:273,29,0,1
BRDA:273,29,1,1
BRDA:279,30,0,1
BRDA:279,30,1,0
BRDA:279,31,0,1
BRDA:279,31,1,1
BRF:67
BRH:26
end_of_record
TN:
SF:models\Alumni.js
FNF:0
FNH:0
DA:1,1
DA:3,1
DA:59,1
LF:3
LH:3
BRF:0
BRH:0
end_of_record
TN:
SF:models\Student.js
FNF:0
FNH:0
DA:1,1
DA:3,1
DA:32,1
LF:3
LH:3
BRF:0
BRH:0
end_of_record
TN:
SF:models\User.js
FN:17,(anonymous_0)
FN:24,(anonymous_1)
FNF:2
FNH:0
FNDA:0,(anonymous_0)
FNDA:0,(anonymous_1)
DA:1,1
DA:3,1
DA:18,0
DA:19,0
DA:20,0
DA:21,0
DA:22,0
DA:25,0
DA:63,1
LF:9
LH:3
BRDA:18,0,0,0
BRDA:18,0,1,0
BRDA:20,1,0,0
BRDA:20,1,1,0
BRDA:21,2,0,0
BRDA:21,2,1,0
BRF:6
BRH:0
end_of_record
